<?xml version="1.0" encoding="UTF-8"?>
<!-- Generated by org.testng.reporters.JUnitReportReporter -->
<testsuite hostname="hp-Elitebook" failures="0" tests="1" name="runner_class_1.runner" time="20.991" errors="0" timestamp="2023-09-04T21:05:05 IST" skipped="0">
  <testcase classname="runner_class_1.runner" name="test" time="20.991"/>
</testsuite> <!-- runner_class_1.runner -->
