<?xml version="1.0" encoding="UTF-8"?>
<!-- Generated by org.testng.reporters.JUnitReportReporter -->
<testsuite hostname="hp-Elitebook" failures="0" tests="1" name="demo.mainforfacebook" time="4.234" errors="0" timestamp="2023-08-23T21:18:58 IST" skipped="0">
  <testcase classname="demo.mainforfacebook" name="test" time="4.234"/>
</testsuite> <!-- demo.mainforfacebook -->
