<?xml version="1.0" encoding="UTF-8"?>
<!-- Generated by org.testng.reporters.JUnitReportReporter -->
<testsuite hostname="hp-Elitebook" failures="0" tests="1" name="frame.annotation1" time="0.004" errors="0" timestamp="2023-08-23T19:42:19 IST" skipped="0">
  <testcase classname="frame.annotation1" name="test" time="0.004">
    <system-out>
      <![CDATA[hi]]>
    </system-out>
  </testcase> <!-- test -->
  <system-out>
    <![CDATA[hi
hi
1
2
3
4
5
6
7
8
9
10
11
12
13
14
15
16
17
18
19
20
21
22
23
24
25
26
27
28
29
30
31
1
2
3
4
5
6
7
8
9
10
11
12
13
14
15
16
17
18
19
20
21
22
23
24
25
26
27
28
29
30
31]]>
  </system-out>
</testsuite> <!-- frame.annotation1 -->
